This is e-pTeX, Version 3.141592653-p4.1.0-230214-2.6 (utf8.euc) (TeX Live 2023) (preloaded format=platex 2023.8.23)  12 SEP 2023 14:58
entering extended mode
 restricted \write18 enabled.
 %&-line parsing enabled.
**cover
(./cover.tex
pLaTeX2e <2023-02-14>+1 (based on LaTeX2e <2022-11-01> patch level 1)
L3 programming layer <2023-02-22>
(/usr/share/texmf-dist/tex/platex/base/jreport.cls
Document Class: jreport 2020/09/30 v1.8f Standard pLaTeX class
\c@@paper=\count184
(/usr/share/texmf-dist/tex/platex/base/jsize12.clo
File: jsize12.clo 2020/09/30 v1.8f Standard pLaTeX file (size option)
)
\c@part=\count185
\c@chapter=\count186
\c@section=\count187
\c@subsection=\count188
\c@subsubsection=\count189
\c@paragraph=\count190
\c@subparagraph=\count191
\c@figure=\count192
\c@table=\count193
\abovecaptionskip=\skip48
\belowcaptionskip=\skip49
\symmincho=\mathgroup4
LaTeX Font Info:    Overwriting symbol font `mincho' in version `bold'
(Font)                  JY1/mc/m/n --> JY1/gt/m/n on input line 704.
\toclineskip=\dimen156
\@lnumwidth=\dimen157
\bibindent=\dimen158
\heisei=\count194
)

! LaTeX Error: File `penguinB4.sty' not found.

Type X to quit or <RETURN> to proceed,
or enter new name. (Default extension: sty)

Enter file name: quit^^H^^H^^H^^H
! Missing endcsname inserted.
<to be read again> 
                   MessageBreak 
l.10 \usepackage
                [HeaderWithUnderline]{shuronABS}     % アブストラクト
? 
! Argument of __file_name_expand_cleanup:Nw has an extra }.
<inserted text> 
                par 
l.10 \usepackage
                [HeaderWithUnderline]{shuronABS}     % アブストラクト
? 
Runaway argument?
MessageBreak not set up for use with LaTeX
! Paragraph ended before __file_name_expand_cleanup:Nw was complete.
<to be read again> 
                   par 
l.10 \usepackage
                [HeaderWithUnderline]{shuronABS}     % アブストラクト
? qiot^^H^^H^^H
OK, entering batchmode...
! Use of ??? doesn't match its definition.
<argument> ???  
                ! LaTeX Error: Missing \endcsname inserted in filename.
l.10 \usepackage
                [HeaderWithUnderline]{shuronABS}     % アブストラクト
If you say, e.g., `\def\a1{...}', then you must always
put `1' after `\a', since control sequence names are
made up of letters only. The macro here has not been
followed by the required stuff, so I'm ignoring it.

! Use of ??? doesn't match its definition.
<argument> ???  
                ! LaTeX Error: Missing \endcsname inserted in filename.
l.10 \usepackage
                [HeaderWithUnderline]{shuronABS}     % アブストラクト
If you say, e.g., `\def\a1{...}', then you must always
put `1' after `\a', since control sequence names are
made up of letters only. The macro here has not been
followed by the required stuff, so I'm ignoring it.

! Use of ??? doesn't match its definition.
<argument> ???  
                ! LaTeX Error: Missing \endcsname inserted in filename.
l.10 \usepackage
                [HeaderWithUnderline]{shuronABS}     % アブストラクト
If you say, e.g., `\def\a1{...}', then you must always
put `1' after `\a', since control sequence names are
made up of letters only. The macro here has not been
followed by the required stuff, so I'm ignoring it.

! Use of ??? doesn't match its definition.
<argument> ???  
                ! LaTeX Error: Missing \endcsname inserted in filename.
l.10 \usepackage
                [HeaderWithUnderline]{shuronABS}     % アブストラクト
If you say, e.g., `\def\a1{...}', then you must always
put `1' after `\a', since control sequence names are
made up of letters only. The macro here has not been
followed by the required stuff, so I'm ignoring it.

! Use of ??? doesn't match its definition.
<argument> ???  
                ! LaTeX Error: Missing \endcsname inserted in filename.
l.10 \usepackage
                [HeaderWithUnderline]{shuronABS}     % アブストラクト
If you say, e.g., `\def\a1{...}', then you must always
put `1' after `\a', since control sequence names are
made up of letters only. The macro here has not been
followed by the required stuff, so I'm ignoring it.

! Use of ??? doesn't match its definition.
<argument> ???  
                ! LaTeX Error: Missing \endcsname inserted in filename.
l.10 \usepackage
                [HeaderWithUnderline]{shuronABS}     % アブストラクト
If you say, e.g., `\def\a1{...}', then you must always
put `1' after `\a', since control sequence names are
made up of letters only. The macro here has not been
followed by the required stuff, so I'm ignoring it.

! Use of ??? doesn't match its definition.
<argument> ???  
                ! LaTeX Error: Missing \endcsname inserted in filename.
l.10 \usepackage
                [HeaderWithUnderline]{shuronABS}     % アブストラクト
If you say, e.g., `\def\a1{...}', then you must always
put `1' after `\a', since control sequence names are
made up of letters only. The macro here has not been
followed by the required stuff, so I'm ignoring it.

! Use of ??? doesn't match its definition.
<argument> ???  
                ! LaTeX Error: Missing \endcsname inserted in filename.
l.10 \usepackage
                [HeaderWithUnderline]{shuronABS}     % アブストラクト
If you say, e.g., `\def\a1{...}', then you must always
put `1' after `\a', since control sequence names are
made up of letters only. The macro here has not been
followed by the required stuff, so I'm ignoring it.

! Use of ??? doesn't match its definition.
<argument> ???  
                ! LaTeX Error: Missing \endcsname inserted in filename.
l.10 \usepackage
                [HeaderWithUnderline]{shuronABS}     % アブストラクト
If you say, e.g., `\def\a1{...}', then you must always
put `1' after `\a', since control sequence names are
made up of letters only. The macro here has not been
followed by the required stuff, so I'm ignoring it.

! Use of ??? doesn't match its definition.
<argument> ???  
                ! LaTeX Error: Missing \endcsname inserted in filename.
l.10 \usepackage
                [HeaderWithUnderline]{shuronABS}     % アブストラクト
If you say, e.g., `\def\a1{...}', then you must always
put `1' after `\a', since control sequence names are
made up of letters only. The macro here has not been
followed by the required stuff, so I'm ignoring it.

! Use of ??? doesn't match its definition.
<argument> ???  
                ! LaTeX Error: Missing \endcsname inserted in filename.
l.10 \usepackage
                [HeaderWithUnderline]{shuronABS}     % アブストラクト
If you say, e.g., `\def\a1{...}', then you must always
put `1' after `\a', since control sequence names are
made up of letters only. The macro here has not been
followed by the required stuff, so I'm ignoring it.

! Use of ??? doesn't match its definition.
<argument> ???  
                ! LaTeX Error: Missing \endcsname inserted in filename.
l.10 \usepackage
                [HeaderWithUnderline]{shuronABS}     % アブストラクト
If you say, e.g., `\def\a1{...}', then you must always
put `1' after `\a', since control sequence names are
made up of letters only. The macro here has not been
followed by the required stuff, so I'm ignoring it.

! Use of ??? doesn't match its definition.
<argument> ???  
                ! LaTeX Error: Missing \endcsname inserted in filename.
l.10 \usepackage
                [HeaderWithUnderline]{shuronABS}     % アブストラクト
If you say, e.g., `\def\a1{...}', then you must always
put `1' after `\a', since control sequence names are
made up of letters only. The macro here has not been
followed by the required stuff, so I'm ignoring it.

! Use of ??? doesn't match its definition.
<argument> ???  
                ! LaTeX Error: Missing \endcsname inserted in filename.
l.10 \usepackage
                [HeaderWithUnderline]{shuronABS}     % アブストラクト
If you say, e.g., `\def\a1{...}', then you must always
put `1' after `\a', since control sequence names are
made up of letters only. The macro here has not been
followed by the required stuff, so I'm ignoring it.

! Use of ??? doesn't match its definition.
<argument> ???  
                ! LaTeX Error: Missing \endcsname inserted in filename.
l.10 \usepackage
                [HeaderWithUnderline]{shuronABS}     % アブストラクト
If you say, e.g., `\def\a1{...}', then you must always
put `1' after `\a', since control sequence names are
made up of letters only. The macro here has not been
followed by the required stuff, so I'm ignoring it.

! Use of ??? doesn't match its definition.
<argument> ???  
                ! LaTeX Error: Missing \endcsname inserted in filename.
l.10 \usepackage
                [HeaderWithUnderline]{shuronABS}     % アブストラクト
If you say, e.g., `\def\a1{...}', then you must always
put `1' after `\a', since control sequence names are
made up of letters only. The macro here has not been
followed by the required stuff, so I'm ignoring it.

! Use of ??? doesn't match its definition.
<argument> ???  
                ! LaTeX Error: Missing \endcsname inserted in filename.
l.10 \usepackage
                [HeaderWithUnderline]{shuronABS}     % アブストラクト
If you say, e.g., `\def\a1{...}', then you must always
put `1' after `\a', since control sequence names are
made up of letters only. The macro here has not been
followed by the required stuff, so I'm ignoring it.

! Use of ??? doesn't match its definition.
<argument> ???  
                ! LaTeX Error: Missing \endcsname inserted in filename.
l.10 \usepackage
                [HeaderWithUnderline]{shuronABS}     % アブストラクト
If you say, e.g., `\def\a1{...}', then you must always
put `1' after `\a', since control sequence names are
made up of letters only. The macro here has not been
followed by the required stuff, so I'm ignoring it.

! Use of ??? doesn't match its definition.
<argument> ???  
                ! LaTeX Error: Missing \endcsname inserted in filename.
l.10 \usepackage
                [HeaderWithUnderline]{shuronABS}     % アブストラクト
If you say, e.g., `\def\a1{...}', then you must always
put `1' after `\a', since control sequence names are
made up of letters only. The macro here has not been
followed by the required stuff, so I'm ignoring it.

! Use of ??? doesn't match its definition.
<argument> ???  
                ! LaTeX Error: Missing \endcsname inserted in filename.
l.10 \usepackage
                [HeaderWithUnderline]{shuronABS}     % アブストラクト
If you say, e.g., `\def\a1{...}', then you must always
put `1' after `\a', since control sequence names are
made up of letters only. The macro here has not been
followed by the required stuff, so I'm ignoring it.

! Use of ??? doesn't match its definition.
<argument> ???  
                ! LaTeX Error: Missing \endcsname inserted in filename.
l.10 \usepackage
                [HeaderWithUnderline]{shuronABS}     % アブストラクト
If you say, e.g., `\def\a1{...}', then you must always
put `1' after `\a', since control sequence names are
made up of letters only. The macro here has not been
followed by the required stuff, so I'm ignoring it.

! Use of ??? doesn't match its definition.
<argument> ???  
                ! LaTeX Error: Missing \endcsname inserted in filename.
l.10 \usepackage
                [HeaderWithUnderline]{shuronABS}     % アブストラクト
If you say, e.g., `\def\a1{...}', then you must always
put `1' after `\a', since control sequence names are
made up of letters only. The macro here has not been
followed by the required stuff, so I'm ignoring it.

! Use of ??? doesn't match its definition.
<argument> ???  
                ! LaTeX Error: Missing \endcsname inserted in filename.
l.10 \usepackage
                [HeaderWithUnderline]{shuronABS}     % アブストラクト
If you say, e.g., `\def\a1{...}', then you must always
put `1' after `\a', since control sequence names are
made up of letters only. The macro here has not been
followed by the required stuff, so I'm ignoring it.

! Use of ??? doesn't match its definition.
<argument> ???  
                ! LaTeX Error: Missing \endcsname inserted in filename.
l.10 \usepackage
                [HeaderWithUnderline]{shuronABS}     % アブストラクト
If you say, e.g., `\def\a1{...}', then you must always
put `1' after `\a', since control sequence names are
made up of letters only. The macro here has not been
followed by the required stuff, so I'm ignoring it.

! Use of ??? doesn't match its definition.
<argument> ???  
                ! LaTeX Error: Missing \endcsname inserted in filename.
l.10 \usepackage
                [HeaderWithUnderline]{shuronABS}     % アブストラクト
If you say, e.g., `\def\a1{...}', then you must always
put `1' after `\a', since control sequence names are
made up of letters only. The macro here has not been
followed by the required stuff, so I'm ignoring it.

! Use of ??? doesn't match its definition.
<argument> ???  
                ! LaTeX Error: Missing \endcsname inserted in filename.
l.10 \usepackage
                [HeaderWithUnderline]{shuronABS}     % アブストラクト
If you say, e.g., `\def\a1{...}', then you must always
put `1' after `\a', since control sequence names are
made up of letters only. The macro here has not been
followed by the required stuff, so I'm ignoring it.

! Use of ??? doesn't match its definition.
<argument> ???  
                ! LaTeX Error: Missing \endcsname inserted in filename.
l.10 \usepackage
                [HeaderWithUnderline]{shuronABS}     % アブストラクト
If you say, e.g., `\def\a1{...}', then you must always
put `1' after `\a', since control sequence names are
made up of letters only. The macro here has not been
followed by the required stuff, so I'm ignoring it.

! Use of ??? doesn't match its definition.
<argument> ???  
                ! LaTeX Error: Missing \endcsname inserted in filename.
l.10 \usepackage
                [HeaderWithUnderline]{shuronABS}     % アブストラクト
If you say, e.g., `\def\a1{...}', then you must always
put `1' after `\a', since control sequence names are
made up of letters only. The macro here has not been
followed by the required stuff, so I'm ignoring it.

! Use of ??? doesn't match its definition.
<argument> ???  
                ! LaTeX Error: Missing \endcsname inserted in filename.
l.10 \usepackage
                [HeaderWithUnderline]{shuronABS}     % アブストラクト
If you say, e.g., `\def\a1{...}', then you must always
put `1' after `\a', since control sequence names are
made up of letters only. The macro here has not been
followed by the required stuff, so I'm ignoring it.

! Use of ??? doesn't match its definition.
<argument> ???  
                ! LaTeX Error: Missing \endcsname inserted in filename.
l.10 \usepackage
                [HeaderWithUnderline]{shuronABS}     % アブストラクト
If you say, e.g., `\def\a1{...}', then you must always
put `1' after `\a', since control sequence names are
made up of letters only. The macro here has not been
followed by the required stuff, so I'm ignoring it.

! Use of ??? doesn't match its definition.
<argument> ???  
                ! LaTeX Error: Missing \endcsname inserted in filename.
l.10 \usepackage
                [HeaderWithUnderline]{shuronABS}     % アブストラクト
If you say, e.g., `\def\a1{...}', then you must always
put `1' after `\a', since control sequence names are
made up of letters only. The macro here has not been
followed by the required stuff, so I'm ignoring it.

! Use of ??? doesn't match its definition.
<argument> ???  
                ! LaTeX Error: Missing \endcsname inserted in filename.
l.10 \usepackage
                [HeaderWithUnderline]{shuronABS}     % アブストラクト
If you say, e.g., `\def\a1{...}', then you must always
put `1' after `\a', since control sequence names are
made up of letters only. The macro here has not been
followed by the required stuff, so I'm ignoring it.

! Use of ??? doesn't match its definition.
<argument> ???  
                ! LaTeX Error: Missing \endcsname inserted in filename.
l.10 \usepackage
                [HeaderWithUnderline]{shuronABS}     % アブストラクト
If you say, e.g., `\def\a1{...}', then you must always
put `1' after `\a', since control sequence names are
made up of letters only. The macro here has not been
followed by the required stuff, so I'm ignoring it.

! Use of ??? doesn't match its definition.
<argument> ???  
                ! LaTeX Error: Missing \endcsname inserted in filename.
l.10 \usepackage
                [HeaderWithUnderline]{shuronABS}     % アブストラクト
If you say, e.g., `\def\a1{...}', then you must always
put `1' after `\a', since control sequence names are
made up of letters only. The macro here has not been
followed by the required stuff, so I'm ignoring it.

! Use of ??? doesn't match its definition.
<argument> ???  
                ! LaTeX Error: Missing \endcsname inserted in filename.
l.10 \usepackage
                [HeaderWithUnderline]{shuronABS}     % アブストラクト
If you say, e.g., `\def\a1{...}', then you must always
put `1' after `\a', since control sequence names are
made up of letters only. The macro here has not been
followed by the required stuff, so I'm ignoring it.

! Use of ??? doesn't match its definition.
<argument> ???  
                ! LaTeX Error: Missing \endcsname inserted in filename.
l.10 \usepackage
                [HeaderWithUnderline]{shuronABS}     % アブストラクト
If you say, e.g., `\def\a1{...}', then you must always
put `1' after `\a', since control sequence names are
made up of letters only. The macro here has not been
followed by the required stuff, so I'm ignoring it.

! Use of ??? doesn't match its definition.
<argument> ???  
                ! LaTeX Error: Missing \endcsname inserted in filename.
l.10 \usepackage
                [HeaderWithUnderline]{shuronABS}     % アブストラクト
If you say, e.g., `\def\a1{...}', then you must always
put `1' after `\a', since control sequence names are
made up of letters only. The macro here has not been
followed by the required stuff, so I'm ignoring it.

! Use of ??? doesn't match its definition.
<argument> ???  
                ! LaTeX Error: Missing \endcsname inserted in filename.
l.10 \usepackage
                [HeaderWithUnderline]{shuronABS}     % アブストラクト
If you say, e.g., `\def\a1{...}', then you must always
put `1' after `\a', since control sequence names are
made up of letters only. The macro here has not been
followed by the required stuff, so I'm ignoring it.

! Use of ??? doesn't match its definition.
<argument> ???  
                ! LaTeX Error: Missing \endcsname inserted in filename.
l.10 \usepackage
                [HeaderWithUnderline]{shuronABS}     % アブストラクト
If you say, e.g., `\def\a1{...}', then you must always
put `1' after `\a', since control sequence names are
made up of letters only. The macro here has not been
followed by the required stuff, so I'm ignoring it.

! Use of ??? doesn't match its definition.
<argument> ???  
                ! LaTeX Error: Missing \endcsname inserted in filename.
l.10 \usepackage
                [HeaderWithUnderline]{shuronABS}     % アブストラクト
If you say, e.g., `\def\a1{...}', then you must always
put `1' after `\a', since control sequence names are
made up of letters only. The macro here has not been
followed by the required stuff, so I'm ignoring it.

! Use of ??? doesn't match its definition.
<argument> ???  
                ! LaTeX Error: Missing \endcsname inserted in filename.
l.10 \usepackage
                [HeaderWithUnderline]{shuronABS}     % アブストラクト
If you say, e.g., `\def\a1{...}', then you must always
put `1' after `\a', since control sequence names are
made up of letters only. The macro here has not been
followed by the required stuff, so I'm ignoring it.

! Use of ??? doesn't match its definition.
<argument> ???  
                ! LaTeX Error: Missing \endcsname inserted in filename.
l.10 \usepackage
                [HeaderWithUnderline]{shuronABS}     % アブストラクト
If you say, e.g., `\def\a1{...}', then you must always
put `1' after `\a', since control sequence names are
made up of letters only. The macro here has not been
followed by the required stuff, so I'm ignoring it.

! Use of ??? doesn't match its definition.
<argument> ???  
                ! LaTeX Error: Missing \endcsname inserted in filename.
l.10 \usepackage
                [HeaderWithUnderline]{shuronABS}     % アブストラクト
If you say, e.g., `\def\a1{...}', then you must always
put `1' after `\a', since control sequence names are
made up of letters only. The macro here has not been
followed by the required stuff, so I'm ignoring it.

! Use of ??? doesn't match its definition.
<argument> ???  
                ! LaTeX Error: Missing \endcsname inserted in filename.
l.10 \usepackage
                [HeaderWithUnderline]{shuronABS}     % アブストラクト
If you say, e.g., `\def\a1{...}', then you must always
put `1' after `\a', since control sequence names are
made up of letters only. The macro here has not been
followed by the required stuff, so I'm ignoring it.

! Use of ??? doesn't match its definition.
<argument> ???  
                ! LaTeX Error: Missing \endcsname inserted in filename.
l.10 \usepackage
                [HeaderWithUnderline]{shuronABS}     % アブストラクト
If you say, e.g., `\def\a1{...}', then you must always
put `1' after `\a', since control sequence names are
made up of letters only. The macro here has not been
followed by the required stuff, so I'm ignoring it.

! Use of ??? doesn't match its definition.
<argument> ???  
                ! LaTeX Error: Missing \endcsname inserted in filename.
l.10 \usepackage
                [HeaderWithUnderline]{shuronABS}     % アブストラクト
If you say, e.g., `\def\a1{...}', then you must always
put `1' after `\a', since control sequence names are
made up of letters only. The macro here has not been
followed by the required stuff, so I'm ignoring it.

! Use of ??? doesn't match its definition.
<argument> ???  
                ! LaTeX Error: Missing \endcsname inserted in filename.
l.10 \usepackage
                [HeaderWithUnderline]{shuronABS}     % アブストラクト
If you say, e.g., `\def\a1{...}', then you must always
put `1' after `\a', since control sequence names are
made up of letters only. The macro here has not been
followed by the required stuff, so I'm ignoring it.

! Use of ??? doesn't match its definition.
<argument> ???  
                ! LaTeX Error: Missing \endcsname inserted in filename.
l.10 \usepackage
                [HeaderWithUnderline]{shuronABS}     % アブストラクト
If you say, e.g., `\def\a1{...}', then you must always
put `1' after `\a', since control sequence names are
made up of letters only. The macro here has not been
followed by the required stuff, so I'm ignoring it.

! Use of ??? doesn't match its definition.
<argument> ???  
                ! LaTeX Error: Missing \endcsname inserted in filename.
l.10 \usepackage
                [HeaderWithUnderline]{shuronABS}     % アブストラクト
If you say, e.g., `\def\a1{...}', then you must always
put `1' after `\a', since control sequence names are
made up of letters only. The macro here has not been
followed by the required stuff, so I'm ignoring it.

! Use of ??? doesn't match its definition.
<argument> ???  
                ! LaTeX Error: Missing \endcsname inserted in filename.
l.10 \usepackage
                [HeaderWithUnderline]{shuronABS}     % アブストラクト
If you say, e.g., `\def\a1{...}', then you must always
put `1' after `\a', since control sequence names are
made up of letters only. The macro here has not been
followed by the required stuff, so I'm ignoring it.

! Use of ??? doesn't match its definition.
<argument> ???  
                ! LaTeX Error: Missing \endcsname inserted in filename.
l.10 \usepackage
                [HeaderWithUnderline]{shuronABS}     % アブストラクト
If you say, e.g., `\def\a1{...}', then you must always
put `1' after `\a', since control sequence names are
made up of letters only. The macro here has not been
followed by the required stuff, so I'm ignoring it.

! Use of ??? doesn't match its definition.
<argument> ???  
                ! LaTeX Error: Missing \endcsname inserted in filename.
l.10 \usepackage
                [HeaderWithUnderline]{shuronABS}     % アブストラクト
If you say, e.g., `\def\a1{...}', then you must always
put `1' after `\a', since control sequence names are
made up of letters only. The macro here has not been
followed by the required stuff, so I'm ignoring it.

! Use of ??? doesn't match its definition.
<argument> ???  
                ! LaTeX Error: Missing \endcsname inserted in filename.
l.10 \usepackage
                [HeaderWithUnderline]{shuronABS}     % アブストラクト
If you say, e.g., `\def\a1{...}', then you must always
put `1' after `\a', since control sequence names are
made up of letters only. The macro here has not been
followed by the required stuff, so I'm ignoring it.

! Use of ??? doesn't match its definition.
<argument> ???  
                ! LaTeX Error: Missing \endcsname inserted in filename.
l.10 \usepackage
                [HeaderWithUnderline]{shuronABS}     % アブストラクト
If you say, e.g., `\def\a1{...}', then you must always
put `1' after `\a', since control sequence names are
made up of letters only. The macro here has not been
followed by the required stuff, so I'm ignoring it.

! Use of ??? doesn't match its definition.
<argument> ???  
                ! LaTeX Error: Missing \endcsname inserted in filename.
l.10 \usepackage
                [HeaderWithUnderline]{shuronABS}     % アブストラクト
If you say, e.g., `\def\a1{...}', then you must always
put `1' after `\a', since control sequence names are
made up of letters only. The macro here has not been
followed by the required stuff, so I'm ignoring it.

! Use of ??? doesn't match its definition.
<argument> ???  
                ! LaTeX Error: Missing \endcsname inserted in filename.
l.10 \usepackage
                [HeaderWithUnderline]{shuronABS}     % アブストラクト
If you say, e.g., `\def\a1{...}', then you must always
put `1' after `\a', since control sequence names are
made up of letters only. The macro here has not been
followed by the required stuff, so I'm ignoring it.

! Use of ??? doesn't match its definition.
<argument> ???  
                ! LaTeX Error: Missing \endcsname inserted in filename.
l.10 \usepackage
                [HeaderWithUnderline]{shuronABS}     % アブストラクト
If you say, e.g., `\def\a1{...}', then you must always
put `1' after `\a', since control sequence names are
made up of letters only. The macro here has not been
followed by the required stuff, so I'm ignoring it.

! Use of ??? doesn't match its definition.
<argument> ???  
                ! LaTeX Error: Missing \endcsname inserted in filename.
l.10 \usepackage
                [HeaderWithUnderline]{shuronABS}     % アブストラクト
If you say, e.g., `\def\a1{...}', then you must always
put `1' after `\a', since control sequence names are
made up of letters only. The macro here has not been
followed by the required stuff, so I'm ignoring it.

! Use of ??? doesn't match its definition.
<argument> ???  
                ! LaTeX Error: Missing \endcsname inserted in filename.
l.10 \usepackage
                [HeaderWithUnderline]{shuronABS}     % アブストラクト
If you say, e.g., `\def\a1{...}', then you must always
put `1' after `\a', since control sequence names are
made up of letters only. The macro here has not been
followed by the required stuff, so I'm ignoring it.

! Use of ??? doesn't match its definition.
<argument> ???  
                ! LaTeX Error: Missing \endcsname inserted in filename.
l.10 \usepackage
                [HeaderWithUnderline]{shuronABS}     % アブストラクト
If you say, e.g., `\def\a1{...}', then you must always
put `1' after `\a', since control sequence names are
made up of letters only. The macro here has not been
followed by the required stuff, so I'm ignoring it.

! Use of ??? doesn't match its definition.
<argument> ???  
                ! LaTeX Error: Missing \endcsname inserted in filename.
l.10 \usepackage
                [HeaderWithUnderline]{shuronABS}     % アブストラクト
If you say, e.g., `\def\a1{...}', then you must always
put `1' after `\a', since control sequence names are
made up of letters only. The macro here has not been
followed by the required stuff, so I'm ignoring it.

! Use of ??? doesn't match its definition.
<argument> ???  
                ! LaTeX Error: Missing \endcsname inserted in filename.
l.10 \usepackage
                [HeaderWithUnderline]{shuronABS}     % アブストラクト
If you say, e.g., `\def\a1{...}', then you must always
put `1' after `\a', since control sequence names are
made up of letters only. The macro here has not been
followed by the required stuff, so I'm ignoring it.

! Use of ??? doesn't match its definition.
<argument> ???  
                ! LaTeX Error: Missing \endcsname inserted in filename.
l.10 \usepackage
                [HeaderWithUnderline]{shuronABS}     % アブストラクト
If you say, e.g., `\def\a1{...}', then you must always
put `1' after `\a', since control sequence names are
made up of letters only. The macro here has not been
followed by the required stuff, so I'm ignoring it.

! Use of ??? doesn't match its definition.
<argument> ???  
                ! LaTeX Error: Missing \endcsname inserted in filename.
l.10 \usepackage
                [HeaderWithUnderline]{shuronABS}     % アブストラクト
If you say, e.g., `\def\a1{...}', then you must always
put `1' after `\a', since control sequence names are
made up of letters only. The macro here has not been
followed by the required stuff, so I'm ignoring it.

! Use of ??? doesn't match its definition.
<argument> ???  
                ! LaTeX Error: Missing \endcsname inserted in filename.
l.10 \usepackage
                [HeaderWithUnderline]{shuronABS}     % アブストラクト
If you say, e.g., `\def\a1{...}', then you must always
put `1' after `\a', since control sequence names are
made up of letters only. The macro here has not been
followed by the required stuff, so I'm ignoring it.

! Use of ??? doesn't match its definition.
<argument> ???  
                ! LaTeX Error: Missing \endcsname inserted in filename.
l.10 \usepackage
                [HeaderWithUnderline]{shuronABS}     % アブストラクト
If you say, e.g., `\def\a1{...}', then you must always
put `1' after `\a', since control sequence names are
made up of letters only. The macro here has not been
followed by the required stuff, so I'm ignoring it.

! Use of ??? doesn't match its definition.
<argument> ???  
                ! LaTeX Error: Missing \endcsname inserted in filename.
l.10 \usepackage
                [HeaderWithUnderline]{shuronABS}     % アブストラクト
If you say, e.g., `\def\a1{...}', then you must always
put `1' after `\a', since control sequence names are
made up of letters only. The macro here has not been
followed by the required stuff, so I'm ignoring it.

! Use of ??? doesn't match its definition.
<argument> ???  
                ! LaTeX Error: Missing \endcsname inserted in filename.
l.10 \usepackage
                [HeaderWithUnderline]{shuronABS}     % アブストラクト
If you say, e.g., `\def\a1{...}', then you must always
put `1' after `\a', since control sequence names are
made up of letters only. The macro here has not been
followed by the required stuff, so I'm ignoring it.

! Use of ??? doesn't match its definition.
<argument> ???  
                ! LaTeX Error: Missing \endcsname inserted in filename.
l.10 \usepackage
                [HeaderWithUnderline]{shuronABS}     % アブストラクト
If you say, e.g., `\def\a1{...}', then you must always
put `1' after `\a', since control sequence names are
made up of letters only. The macro here has not been
followed by the required stuff, so I'm ignoring it.

! Use of ??? doesn't match its definition.
<argument> ???  
                ! LaTeX Error: Missing \endcsname inserted in filename.
l.10 \usepackage
                [HeaderWithUnderline]{shuronABS}     % アブストラクト
If you say, e.g., `\def\a1{...}', then you must always
put `1' after `\a', since control sequence names are
made up of letters only. The macro here has not been
followed by the required stuff, so I'm ignoring it.

! Use of ??? doesn't match its definition.
<argument> ???  
                ! LaTeX Error: Missing \endcsname inserted in filename.
l.10 \usepackage
                [HeaderWithUnderline]{shuronABS}     % アブストラクト
If you say, e.g., `\def\a1{...}', then you must always
put `1' after `\a', since control sequence names are
made up of letters only. The macro here has not been
followed by the required stuff, so I'm ignoring it.

! Use of ??? doesn't match its definition.
<argument> ???  
                ! LaTeX Error: Missing \endcsname inserted in filename.
l.10 \usepackage
                [HeaderWithUnderline]{shuronABS}     % アブストラクト
If you say, e.g., `\def\a1{...}', then you must always
put `1' after `\a', since control sequence names are
made up of letters only. The macro here has not been
followed by the required stuff, so I'm ignoring it.

! Use of ??? doesn't match its definition.
<argument> ???  
                ! LaTeX Error: Missing \endcsname inserted in filename.
l.10 \usepackage
                [HeaderWithUnderline]{shuronABS}     % アブストラクト
If you say, e.g., `\def\a1{...}', then you must always
put `1' after `\a', since control sequence names are
made up of letters only. The macro here has not been
followed by the required stuff, so I'm ignoring it.

! Use of ??? doesn't match its definition.
<argument> ???  
                ! LaTeX Error: Missing \endcsname inserted in filename.
l.10 \usepackage
                [HeaderWithUnderline]{shuronABS}     % アブストラクト
If you say, e.g., `\def\a1{...}', then you must always
put `1' after `\a', since control sequence names are
made up of letters only. The macro here has not been
followed by the required stuff, so I'm ignoring it.

! Use of ??? doesn't match its definition.
<argument> ???  
                ! LaTeX Error: Missing \endcsname inserted in filename.
l.10 \usepackage
                [HeaderWithUnderline]{shuronABS}     % アブストラクト
If you say, e.g., `\def\a1{...}', then you must always
put `1' after `\a', since control sequence names are
made up of letters only. The macro here has not been
followed by the required stuff, so I'm ignoring it.

! Use of ??? doesn't match its definition.
<argument> ???  
                ! LaTeX Error: Missing \endcsname inserted in filename.
l.10 \usepackage
                [HeaderWithUnderline]{shuronABS}     % アブストラクト
If you say, e.g., `\def\a1{...}', then you must always
put `1' after `\a', since control sequence names are
made up of letters only. The macro here has not been
followed by the required stuff, so I'm ignoring it.

! Use of ??? doesn't match its definition.
<argument> ???  
                ! LaTeX Error: Missing \endcsname inserted in filename.
l.10 \usepackage
                [HeaderWithUnderline]{shuronABS}     % アブストラクト
If you say, e.g., `\def\a1{...}', then you must always
put `1' after `\a', since control sequence names are
made up of letters only. The macro here has not been
followed by the required stuff, so I'm ignoring it.

! Use of ??? doesn't match its definition.
<argument> ???  
                ! LaTeX Error: Missing \endcsname inserted in filename.
l.10 \usepackage
                [HeaderWithUnderline]{shuronABS}     % アブストラクト
If you say, e.g., `\def\a1{...}', then you must always
put `1' after `\a', since control sequence names are
made up of letters only. The macro here has not been
followed by the required stuff, so I'm ignoring it.

! Use of ??? doesn't match its definition.
<argument> ???  
                ! LaTeX Error: Missing \endcsname inserted in filename.
l.10 \usepackage
                [HeaderWithUnderline]{shuronABS}     % アブストラクト
If you say, e.g., `\def\a1{...}', then you must always
put `1' after `\a', since control sequence names are
made up of letters only. The macro here has not been
followed by the required stuff, so I'm ignoring it.

! Use of ??? doesn't match its definition.
<argument> ???  
                ! LaTeX Error: Missing \endcsname inserted in filename.
l.10 \usepackage
                [HeaderWithUnderline]{shuronABS}     % アブストラクト
If you say, e.g., `\def\a1{...}', then you must always
put `1' after `\a', since control sequence names are
made up of letters only. The macro here has not been
followed by the required stuff, so I'm ignoring it.

! Use of ??? doesn't match its definition.
<argument> ???  
                ! LaTeX Error: Missing \endcsname inserted in filename.
l.10 \usepackage
                [HeaderWithUnderline]{shuronABS}     % アブストラクト
If you say, e.g., `\def\a1{...}', then you must always
put `1' after `\a', since control sequence names are
made up of letters only. The macro here has not been
followed by the required stuff, so I'm ignoring it.

! Use of ??? doesn't match its definition.
<argument> ???  
                ! LaTeX Error: Missing \endcsname inserted in filename.
l.10 \usepackage
                [HeaderWithUnderline]{shuronABS}     % アブストラクト
If you say, e.g., `\def\a1{...}', then you must always
put `1' after `\a', since control sequence names are
made up of letters only. The macro here has not been
followed by the required stuff, so I'm ignoring it.

! Use of ??? doesn't match its definition.
<argument> ???  
                ! LaTeX Error: Missing \endcsname inserted in filename.
l.10 \usepackage
                [HeaderWithUnderline]{shuronABS}     % アブストラクト
If you say, e.g., `\def\a1{...}', then you must always
put `1' after `\a', since control sequence names are
made up of letters only. The macro here has not been
followed by the required stuff, so I'm ignoring it.

! Use of ??? doesn't match its definition.
<argument> ???  
                ! LaTeX Error: Missing \endcsname inserted in filename.
l.10 \usepackage
                [HeaderWithUnderline]{shuronABS}     % アブストラクト
If you say, e.g., `\def\a1{...}', then you must always
put `1' after `\a', since control sequence names are
made up of letters only. The macro here has not been
followed by the required stuff, so I'm ignoring it.

! Use of ??? doesn't match its definition.
<argument> ???  
                ! LaTeX Error: Missing \endcsname inserted in filename.
l.10 \usepackage
                [HeaderWithUnderline]{shuronABS}     % アブストラクト
If you say, e.g., `\def\a1{...}', then you must always
put `1' after `\a', since control sequence names are
made up of letters only. The macro here has not been
followed by the required stuff, so I'm ignoring it.

! Use of ??? doesn't match its definition.
<argument> ???  
                ! LaTeX Error: Missing \endcsname inserted in filename.
l.10 \usepackage
                [HeaderWithUnderline]{shuronABS}     % アブストラクト
If you say, e.g., `\def\a1{...}', then you must always
put `1' after `\a', since control sequence names are
made up of letters only. The macro here has not been
followed by the required stuff, so I'm ignoring it.

! Use of ??? doesn't match its definition.
<argument> ???  
                ! LaTeX Error: Missing \endcsname inserted in filename.
l.10 \usepackage
                [HeaderWithUnderline]{shuronABS}     % アブストラクト
If you say, e.g., `\def\a1{...}', then you must always
put `1' after `\a', since control sequence names are
made up of letters only. The macro here has not been
followed by the required stuff, so I'm ignoring it.

! Use of ??? doesn't match its definition.
<argument> ???  
                ! LaTeX Error: Missing \endcsname inserted in filename.
l.10 \usepackage
                [HeaderWithUnderline]{shuronABS}     % アブストラクト
If you say, e.g., `\def\a1{...}', then you must always
put `1' after `\a', since control sequence names are
made up of letters only. The macro here has not been
followed by the required stuff, so I'm ignoring it.

! Use of ??? doesn't match its definition.
<argument> ???  
                ! LaTeX Error: Missing \endcsname inserted in filename.
l.10 \usepackage
                [HeaderWithUnderline]{shuronABS}     % アブストラクト
If you say, e.g., `\def\a1{...}', then you must always
put `1' after `\a', since control sequence names are
made up of letters only. The macro here has not been
followed by the required stuff, so I'm ignoring it.

! Use of ??? doesn't match its definition.
<argument> ???  
                ! LaTeX Error: Missing \endcsname inserted in filename.
l.10 \usepackage
                [HeaderWithUnderline]{shuronABS}     % アブストラクト
If you say, e.g., `\def\a1{...}', then you must always
put `1' after `\a', since control sequence names are
made up of letters only. The macro here has not been
followed by the required stuff, so I'm ignoring it.

! Use of ??? doesn't match its definition.
<argument> ???  
                ! LaTeX Error: Missing \endcsname inserted in filename.
l.10 \usepackage
                [HeaderWithUnderline]{shuronABS}     % アブストラクト
If you say, e.g., `\def\a1{...}', then you must always
put `1' after `\a', since control sequence names are
made up of letters only. The macro here has not been
followed by the required stuff, so I'm ignoring it.

! Use of ??? doesn't match its definition.
<argument> ???  
                ! LaTeX Error: Missing \endcsname inserted in filename.
l.10 \usepackage
                [HeaderWithUnderline]{shuronABS}     % アブストラクト
If you say, e.g., `\def\a1{...}', then you must always
put `1' after `\a', since control sequence names are
made up of letters only. The macro here has not been
followed by the required stuff, so I'm ignoring it.

! Use of ??? doesn't match its definition.
<argument> ???  
                ! LaTeX Error: Missing \endcsname inserted in filename.
l.10 \usepackage
                [HeaderWithUnderline]{shuronABS}     % アブストラクト
If you say, e.g., `\def\a1{...}', then you must always
put `1' after `\a', since control sequence names are
made up of letters only. The macro here has not been
followed by the required stuff, so I'm ignoring it.

! Use of ??? doesn't match its definition.
<argument> ???  
                ! LaTeX Error: Missing \endcsname inserted in filename.
l.10 \usepackage
                [HeaderWithUnderline]{shuronABS}     % アブストラクト
If you say, e.g., `\def\a1{...}', then you must always
put `1' after `\a', since control sequence names are
made up of letters only. The macro here has not been
followed by the required stuff, so I'm ignoring it.

! Use of ??? doesn't match its definition.
<argument> ???  
                ! LaTeX Error: Missing \endcsname inserted in filename.
l.10 \usepackage
                [HeaderWithUnderline]{shuronABS}     % アブストラクト
If you say, e.g., `\def\a1{...}', then you must always
put `1' after `\a', since control sequence names are
made up of letters only. The macro here has not been
followed by the required stuff, so I'm ignoring it.

! Use of ??? doesn't match its definition.
<argument> ???  
                ! LaTeX Error: Missing \endcsname inserted in filename.
l.10 \usepackage
                [HeaderWithUnderline]{shuronABS}     % アブストラクト
If you say, e.g., `\def\a1{...}', then you must always
put `1' after `\a', since control sequence names are
made up of letters only. The macro here has not been
followed by the required stuff, so I'm ignoring it.

! Use of ??? doesn't match its definition.
<argument> ???  
                ! LaTeX Error: Missing \endcsname inserted in filename.
l.10 \usepackage
                [HeaderWithUnderline]{shuronABS}     % アブストラクト
If you say, e.g., `\def\a1{...}', then you must always
put `1' after `\a', since control sequence names are
made up of letters only. The macro here has not been
followed by the required stuff, so I'm ignoring it.

! Use of ??? doesn't match its definition.
<argument> ???  
                ! LaTeX Error: Missing \endcsname inserted in filename.
l.10 \usepackage
                [HeaderWithUnderline]{shuronABS}     % アブストラクト
If you say, e.g., `\def\a1{...}', then you must always
put `1' after `\a', since control sequence names are
made up of letters only. The macro here has not been
followed by the required stuff, so I'm ignoring it.

! Use of ??? doesn't match its definition.
<argument> ???  
                ! LaTeX Error: Missing \endcsname inserted in filename.
l.10 \usepackage
                [HeaderWithUnderline]{shuronABS}     % アブストラクト
If you say, e.g., `\def\a1{...}', then you must always
put `1' after `\a', since control sequence names are
made up of letters only. The macro here has not been
followed by the required stuff, so I'm ignoring it.

! Use of ??? doesn't match its definition.
<argument> ???  
                ! LaTeX Error: Missing \endcsname inserted in filename.
l.10 \usepackage
                [HeaderWithUnderline]{shuronABS}     % アブストラクト
(That makes 100 errors; please try again.) 
Here is how much of TeX's memory you used:
 316 strings out of 476693
 3785 string characters out of 5810547
 1842209 words of memory out of 5000000
 20859 multiletter control sequences out of 15000+600000
 516456 words of font info for 50 fonts, out of 8000000 for 9000
 929 hyphenation exceptions out of 8191
 33i,0n,47p,161b,36s stack positions out of 10000i,1000n,20000p,200000b,200000s

No pages of output.
