This is e-pTeX, Version 3.141592653-p4.1.0-230214-2.6 (utf8.euc) (TeX Live 2023) (preloaded format=platex 2023.9.23)  26 OCT 2023 21:35
entering extended mode
 restricted \write18 enabled.
 %&-line parsing enabled.
**main
(./main.tex
pLaTeX2e <2023-02-14>+1 (based on LaTeX2e <2022-11-01> patch level 1)
L3 programming layer <2023-02-22>
(/usr/share/texmf-dist/tex/platex/base/jreport.cls
Document Class: jreport 2020/09/30 v1.8f Standard pLaTeX class
\c@@paper=\count184
(/usr/share/texmf-dist/tex/platex/base/jsize12.clo
File: jsize12.clo 2020/09/30 v1.8f Standard pLaTeX file (size option)
)
\c@part=\count185
\c@chapter=\count186
\c@section=\count187
\c@subsection=\count188
\c@subsubsection=\count189
\c@paragraph=\count190
\c@subparagraph=\count191
\c@figure=\count192
\c@table=\count193
\abovecaptionskip=\skip48
\belowcaptionskip=\skip49
\symmincho=\mathgroup4
LaTeX Font Info:    Overwriting symbol font `mincho' in version `bold'
(Font)                  JY1/mc/m/n --> JY1/gt/m/n on input line 704.
\toclineskip=\dimen156
\@lnumwidth=\dimen157
\bibindent=\dimen158
\heisei=\count194
)
(/usr/share/texmf-dist/tex/latex/graphics/graphicx.sty
Package: graphicx 2021/09/16 v1.2d Enhanced LaTeX Graphics (DPC,SPQR)

(/usr/share/texmf-dist/tex/latex/graphics/keyval.sty
Package: keyval 2022/05/29 v1.15 key=value parser (DPC)
\KV@toks@=\toks17
)
(/usr/share/texmf-dist/tex/latex/graphics/graphics.sty
Package: graphics 2022/03/10 v1.4e Standard LaTeX Graphics (DPC,SPQR)

(/usr/share/texmf-dist/tex/latex/graphics/trig.sty
Package: trig 2021/08/11 v1.11 sin cos tan (DPC)
)
(/usr/share/texmf-dist/tex/latex/graphics-cfg/graphics.cfg
File: graphics.cfg 2016/06/04 v1.11 sample graphics configuration
)
Package graphics Info: Driver file: dvips.def on input line 107.

(/usr/share/texmf-dist/tex/latex/graphics-def/dvips.def
File: dvips.def 2022/09/22 v3.1e Graphics/color driver for dvips
))
\Gin@req@height=\dimen159
\Gin@req@width=\dimen160
)
(/usr/share/texmf-dist/tex/latex/subfigure/subfigure.sty
Package: subfigure 2002/03/15 v2.1.5 subfigure package
\subfigtopskip=\skip50
\subfigcapskip=\skip51
\subfigcaptopadj=\dimen161
\subfigbottomskip=\skip52
\subfigcapmargin=\dimen162
\subfiglabelskip=\skip53
\c@subfigure=\count195
\c@lofdepth=\count196
\c@subtable=\count197
\c@lotdepth=\count198

****************************************
* Local config file subfigure.cfg used *
****************************************
(/usr/share/texmf-dist/tex/latex/subfigure/subfigure.cfg)
\subfig@top=\skip54
\subfig@bottom=\skip55
)
(/usr/share/texmf-dist/tex/latex/amsfonts/amsfonts.sty
Package: amsfonts 2013/01/14 v3.01 Basic AMSFonts support
\@emptytoks=\toks18
\symAMSa=\mathgroup5
\symAMSb=\mathgroup6
LaTeX Font Info:    Redeclaring math symbol \hbar on input line 98.
LaTeX Font Info:    Overwriting math alphabet `\mathfrak' in version `bold'
(Font)                  U/euf/m/n --> U/euf/b/n on input line 106.
)
(/usr/share/texmf-dist/tex/latex/amsmath/amsmath.sty
Package: amsmath 2022/04/08 v2.17n AMS math features
\@mathmargin=\skip56

For additional information on amsmath, use the `?' option.
(/usr/share/texmf-dist/tex/latex/amsmath/amstext.sty
Package: amstext 2021/08/26 v2.01 AMS text

(/usr/share/texmf-dist/tex/latex/amsmath/amsgen.sty
File: amsgen.sty 1999/11/30 v2.0 generic functions
\@emptytoks=\toks19
\ex@=\dimen163
))
(/usr/share/texmf-dist/tex/latex/amsmath/amsbsy.sty
Package: amsbsy 1999/11/29 v1.2d Bold Symbols
\pmbraise@=\dimen164
)
(/usr/share/texmf-dist/tex/latex/amsmath/amsopn.sty
Package: amsopn 2022/04/08 v2.04 operator names
)
\inf@bad=\count199
LaTeX Info: Redefining \frac on input line 234.
\uproot@=\count266
\leftroot@=\count267
LaTeX Info: Redefining \overline on input line 399.
LaTeX Info: Redefining \colon on input line 410.
\classnum@=\count268
\DOTSCASE@=\count269
LaTeX Info: Redefining \ldots on input line 496.
LaTeX Info: Redefining \dots on input line 499.
LaTeX Info: Redefining \cdots on input line 620.
\Mathstrutbox@=\box68
\strutbox@=\box69
LaTeX Info: Redefining \big on input line 722.
LaTeX Info: Redefining \Big on input line 723.
LaTeX Info: Redefining \bigg on input line 724.
LaTeX Info: Redefining \Bigg on input line 725.
\big@size=\dimen165
LaTeX Font Info:    Redeclaring font encoding OML on input line 743.
LaTeX Font Info:    Redeclaring font encoding OMS on input line 744.
\macc@depth=\count270
LaTeX Info: Redefining \bmod on input line 905.
LaTeX Info: Redefining \pmod on input line 910.
LaTeX Info: Redefining \smash on input line 940.
LaTeX Info: Redefining \relbar on input line 970.
LaTeX Info: Redefining \Relbar on input line 971.
\c@MaxMatrixCols=\count271
\dotsspace@=\muskip16
\c@parentequation=\count272
\dspbrk@lvl=\count273
\tag@help=\toks20
\row@=\count274
\column@=\count275
\maxfields@=\count276
\andhelp@=\toks21
\eqnshift@=\dimen166
\alignsep@=\dimen167
\tagshift@=\dimen168
\tagwidth@=\dimen169
\totwidth@=\dimen170
\lineht@=\dimen171
\@envbody=\toks22
\multlinegap=\skip57
\multlinetaggap=\skip58
\mathdisplay@stack=\toks23
LaTeX Info: Redefining \[ on input line 2953.
LaTeX Info: Redefining \] on input line 2954.
)
(/usr/share/texmf-dist/tex/latex/amsfonts/amssymb.sty
Package: amssymb 2013/01/14 v3.01 AMS font symbols
)
(/usr/share/texmf-dist/tex/latex/multirow/multirow.sty
Package: multirow 2021/03/15 v2.8 Span multiple rows of a table
\multirow@colwidth=\skip59
\multirow@cntb=\count277
\multirow@dima=\skip60
\bigstrutjot=\dimen172
) (./shuronABS.sty
\和文論文要旨=\toks24
\英文論文要旨=\toks25
\HOFFSET=\dimen173
\VOFFSET=\dimen174
\dummybox=\box70
\X=\dimen175
\Y=\dimen176
\XXA=\dimen177
\YYA=\dimen178
\XM=\dimen179
\YM=\dimen180
\htbackskip=\dimen181
\dpbackskip=\dimen182
\rulelength=\dimen183
)
(./penguin.sty
File: penguin.sty 
Package: penguin 2015/02/20 v2015.0

 Penguin cheer for you. ------ I hope you feel happier. ------
(/usr/share/texmf-dist/tex/latex/geometry/geometry.sty
Package: geometry 2020/01/02 v5.9 Page Geometry

(/usr/share/texmf-dist/tex/generic/iftex/ifvtex.sty
Package: ifvtex 2019/10/25 v1.7 ifvtex legacy package. Use iftex instead.

(/usr/share/texmf-dist/tex/generic/iftex/iftex.sty
Package: iftex 2022/02/03 v1.0f TeX engine tests
))
\Gm@cnth=\count278
\Gm@cntv=\count279
\c@Gm@tempcnt=\count280
\Gm@bindingoffset=\dimen184
\Gm@wd@mp=\dimen185
\Gm@odd@mp=\dimen186
\Gm@even@mp=\dimen187
\Gm@layoutwidth=\dimen188
\Gm@layoutheight=\dimen189
\Gm@layouthoffset=\dimen190
\Gm@layoutvoffset=\dimen191
\Gm@dimlist=\toks26
)
(/usr/share/texmf-dist/tex/latex/tools/layout.sty
Package: layout 2021-03-10 v1.2e Show layout parameters
\oneinch=\count281
\cnt@paperwidth=\count282
\cnt@paperheight=\count283
\cnt@hoffset=\count284
\cnt@voffset=\count285
\cnt@textheight=\count286
\cnt@textwidth=\count287
\cnt@topmargin=\count288
\cnt@oddsidemargin=\count289
\cnt@evensidemargin=\count290
\cnt@headheight=\count291
\cnt@headsep=\count292
\cnt@marginparsep=\count293
\cnt@marginparwidth=\count294
\cnt@marginparpush=\count295
\cnt@footskip=\count296
\fheight=\count297
\ref@top=\count298
\ref@hoffset=\count299
\ref@voffset=\count300
\ref@head=\count301
\ref@body=\count302
\ref@foot=\count303
\ref@margin=\count304
\ref@marginwidth=\count305
\ref@marginpar=\count306
\Interval=\count307
\ExtraYPos=\count308
\PositionX=\count309
\PositionY=\count310
\ArrowLength=\count311
) (./abstract.tex)
LaTeX Info: Redefining \ol on input line 404.
)
(/usr/share/texmf-dist/tex/latex/l3backend/l3backend-dvips.def
File: l3backend-dvips.def 2023-01-16 L3 backend support: dvips
\l__pdf_internal_box=\box71
\g__pdf_backend_object_int=\count312
\l__pdf_backend_content_box=\box72
\l__pdf_backend_model_box=\box73
\g__pdf_backend_annotation_int=\count313
\g__pdf_backend_link_int=\count314
\g__pdf_backend_link_sf_int=\count315
) (./main.aux

LaTeX Warning: Label `fig:floormodel_kyori' multiply defined.


LaTeX Warning: Label `fig:sfm_flowchart' multiply defined.


LaTeX Warning: Label `fig:atigenshou' multiply defined.


LaTeX Warning: Label `fig:atigenshou' multiply defined.


LaTeX Warning: Label `fig:atigenshou' multiply defined.


LaTeX Warning: Label `fig:sougo_hani' multiply defined.


LaTeX Warning: Label `sec:method' multiply defined.


LaTeX Warning: Label `fig:5_teian_flow2' multiply defined.

)
\openout1 = `main.aux'.

LaTeX Font Info:    Checking defaults for OML/cmm/m/it on input line 45.
LaTeX Font Info:    ... okay on input line 45.
LaTeX Font Info:    Checking defaults for OMS/cmsy/m/n on input line 45.
LaTeX Font Info:    ... okay on input line 45.
LaTeX Font Info:    Checking defaults for OT1/cmr/m/n on input line 45.
LaTeX Font Info:    ... okay on input line 45.
LaTeX Font Info:    Checking defaults for T1/cmr/m/n on input line 45.
LaTeX Font Info:    ... okay on input line 45.
LaTeX Font Info:    Checking defaults for TS1/cmr/m/n on input line 45.
LaTeX Font Info:    ... okay on input line 45.
LaTeX Font Info:    Checking defaults for OMX/cmex/m/n on input line 45.
LaTeX Font Info:    ... okay on input line 45.
LaTeX Font Info:    Checking defaults for U/cmr/m/n on input line 45.
LaTeX Font Info:    ... okay on input line 45.
LaTeX Font Info:    Checking defaults for JY1/mc/m/n on input line 45.
LaTeX Font Info:    ... okay on input line 45.
LaTeX Font Info:    Checking defaults for JT1/mc/m/n on input line 45.
LaTeX Font Info:    ... okay on input line 45.

*geometry* driver: auto-detecting
*geometry* detected driver: dvips
*geometry* verbose mode - [ preamble ] result:
* driver: dvips
* paper: <default>
* layout: <same size as paper>
* layoutoffset:(h,v)=(0.0pt,0.0pt)
* modes: 
* h-part:(L,W,R)=(85.35826pt, 426.79135pt, 85.35826pt)
* v-part:(T,H,B)=(113.81102pt, 645.87756pt, 85.35826pt)
* \paperwidth=597.50787pt
* \paperheight=845.04684pt
* \textwidth=426.79135pt
* \textheight=645.87756pt
* \oddsidemargin=13.08827pt
* \evensidemargin=13.08827pt
* \topmargin=-5.45897pt
* \headheight=12.0pt
* \headsep=35.0pt
* \topskip=-20.0pt
* \footskip=23.0pt
* \marginparwidth=68.0pt
* \marginparsep=10.0pt
* \columnsep=23.09317pt
* \skip\footins=10.8pt plus 4.0pt minus 2.0pt
* \hoffset=0.0pt
* \voffset=0.0pt
* \mag=1000
* \@twocolumnfalse
* \@twosidefalse
* \@mparswitchfalse
* \@reversemarginfalse
* (1in=72.27pt=25.4mm, 1cm=28.453pt)


Overfull \hbox (41.25647pt too wide) detected at line 46
 [] 
 []


Overfull \hbox (41.25647pt too wide) detected at line 46
 [] 
 []

LaTeX Font Info:    Font shape `JT1/mc/bx/n' in size <24.88> not available
(Font)              Font shape `JT1/gt/m/n' tried instead on input line 46.
LaTeX Font Info:    Font shape `JY1/mc/bx/n' in size <24.88> not available
(Font)              Font shape `JY1/gt/m/n' tried instead on input line 46.
LaTeX Font Info:    Trying to load font information for U+msa on input line 46.

(/usr/share/texmf-dist/tex/latex/amsfonts/umsa.fd
File: umsa.fd 2013/01/14 v3.01 AMS symbols A
)
LaTeX Font Info:    Trying to load font information for U+msb on input line 46.


(/usr/share/texmf-dist/tex/latex/amsfonts/umsb.fd
File: umsb.fd 2013/01/14 v3.01 AMS symbols B
)
Overfull \hbox (52.79187pt too wide) in paragraph at lines 46--46
[][][][] 
 []


Overfull \hbox (41.25647pt too wide) detected at line 46
 [] 
 []


Overfull \hbox (41.25647pt too wide) detected at line 46
 [] 
 []


Overfull \hbox (41.25647pt too wide) detected at line 46
 [] 
 []

[1

]
Overfull \hbox (10.57735pt too wide) in paragraph at lines 46--46
[][][][]  
 []

[1

]
Overfull \hbox (16.2679pt too wide) in paragraph at lines 46--46
[][][][]  
 []

[2] (./main.toc
LaTeX Font Info:    Font shape `JT1/mc/bx/n' in size <12> not available
(Font)              Font shape `JT1/gt/m/n' tried instead on input line 1.
LaTeX Font Info:    Font shape `JY1/mc/bx/n' in size <12> not available
(Font)              Font shape `JY1/gt/m/n' tried instead on input line 1.
 [1


])
\tf@toc=\write3
\openout3 = `main.toc'.

 [2] (./main.lof [3

])
\tf@lof=\write4
\openout4 = `main.lof'.

 [4] (./main.lot)
\tf@lot=\write5
\openout5 = `main.lot'.

 [5


] (./1_intro.tex
第 1 章
[1


]) (./2_background.tex [2]
第 2 章
LaTeX Font Info:    Font shape `JT1/mc/bx/n' in size <17.28> not available
(Font)              Font shape `JT1/gt/m/n' tried instead on input line 9.
LaTeX Font Info:    Font shape `JY1/mc/bx/n' in size <17.28> not available
(Font)              Font shape `JY1/gt/m/n' tried instead on input line 9.
File: figure/jinryu_image2_r2.eps Graphic file (type eps)
<figure/jinryu_image2_r2.eps> [3

]

LaTeX Warning: Reference `fig:nework_situnai' on page 4 undefined on input line
 66.

File: figure/networkmodel_ex.eps Graphic file (type eps)
<figure/networkmodel_ex.eps> [4]

LaTeX Warning: Reference `fig:huroa_model_image' on page 5 undefined on input l
ine 87.


LaTeX Warning: Reference `fig:huroa_model_image' on page 5 undefined on input l
ine 88.


LaTeX Warning: Reference `fig:huroa_model_image' on page 5 undefined on input l
ine 90.


LaTeX Warning: Reference `fig:huroa_manhattan' on page 5 undefined on input lin
e 91.


LaTeX Warning: Reference `fig:huroa_manhattan' on page 5 undefined on input lin
e 93.

File: ./figure/floormodel_image.eps Graphic file (type eps)
<./figure/floormodel_image.eps>
File: ./figure/floormodel_kyori.eps Graphic file (type eps)
 <./figure/floormodel_kyori.eps>
Overfull \hbox (19.83063pt too wide) in paragraph at lines 96--96
[][][][] 
 []

File: ./figure/floormodel_kyori.eps Graphic file (type eps)
<./figure/floormodel_kyori.eps>
File: ./figure/floormodel_ex2.eps Graphic file (type eps)
 <./figure/floormodel_ex2.eps>
Overfull \hbox (19.83063pt too wide) in paragraph at lines 98--98
[][][][] 
 []


LaTeX Warning: Reference `fig:huroa_manhattan' on page 5 undefined on input lin
e 100.


LaTeX Warning: Reference `fig:huroa_model_ketten' on page 5 undefined on input 
line 105.


LaTeX Warning: Reference `fig:huroa_model_ketten' on page 5 undefined on input 
line 107.


LaTeX Warning: Reference `fig;ruroa_model_ketten' on page 5 undefined on input 
line 108.

[5

]
File: figure/seruotomaton_image4.eps Graphic file (type eps)
 <figure/seruotomaton_image4.eps>
File: figure/renzoku_image2.eps Graphic file (type eps)
 <figure/renzoku_image2.eps>
Overfull \hbox (2.61108pt too wide) in paragraph at lines 116--128
[][] [] 
 []


LaTeX Warning: Reference `fig:jinryu_image2' on page 6 undefined on input line 
141.

[6]
File: figure/sfm_flowchart.eps Graphic file (type eps)
 <figure/sfm_flowchart.eps> [7] [8]
LaTeX Font Info:    Font shape `JT1/mc/bx/n' in size <14.4> not available
(Font)              Font shape `JT1/gt/m/n' tried instead on input line 254.
LaTeX Font Info:    Font shape `JY1/mc/bx/n' in size <14.4> not available
(Font)              Font shape `JY1/gt/m/n' tried instead on input line 254.
 [9]

LaTeX Warning: Reference `fig:sougosayou_flow' on page 10 undefined on input li
ne 303.


LaTeX Warning: Reference `fig:sougosayou_flow' on page 10 undefined on input li
ne 304.

File: figure/agent_flow.eps Graphic file (type eps)
<figure/agent_flow.eps>
File: figure/sougo_hani_image_r2.eps Graphic file (type eps)
 <figure/sougo_hani_image_r2.eps>

LaTeX Warning: `h' float specifier changed to `ht'.

[10]

LaTeX Warning: Reference `fig:kaberyuusi_ex' on page 11 undefined on input line
 333.


LaTeX Warning: Reference `fig:kaberyuusi_ex' on page 11 undefined on input line
 334.


LaTeX Warning: Reference `fig:kaberyuusi_ex' on page 11 undefined on input line
 335.

File: figure/kabe_flow.eps Graphic file (type eps)
<figure/kabe_flow.eps> [11]
File: figure/sutakku_ex.eps Graphic file (type eps)
 <figure/sutakku_ex.eps>
File: figure/keiyuti_ex.eps Graphic file (type eps)
 <figure/keiyuti_ex.eps>
File: figure/keiyuti_ex2.eps Graphic file (type eps)

<figure/keiyuti_ex2.eps> [12] [13] [14] [15]) (./3_survey.tex [16]
第 3 章
File: figure/ichijigen_ex.eps Graphic file (type eps)
<figure/ichijigen_ex.eps>
File: figure/atigenshou.eps Graphic file (type eps)
 <figure/atigenshou.eps> [17

] [18]
File: figure/seru_ex1_r2.eps Graphic file (type eps)

<figure/seru_ex1_r2.eps> [19]
File: figure/heiretuka_sfm.eps Graphic file (type eps)
 <figure/heiretuka_sfm.eps>
File: figure/sureddo_heiretu.eps Graphic file (type eps)

<figure/sureddo_heiretu.eps>
File: figure/ryoiki_heiretu.eps Graphic file (type eps)
 <figure/ryoiki_heiretu.eps> [20] [21])
(./4_method.tex [22

]
第 4 章
File: figure/20230614_hanni_ex.eps Graphic file (type eps)
<figure/20230614_hanni_ex.eps> [23

]
File: figure/20220225_sentaku.eps Graphic file (type eps)
 <figure/20220225_sentaku.eps> [24]
File: figure/patan1_ex.eps Graphic file (type eps)

<figure/patan1_ex.eps> [25

]
File: figure/patan2_ex.eps Graphic file (type eps)
 <figure/patan2_ex.eps>
LaTeX Font Info:    Font shape `JT1/mc/bx/n' in size <8> not available
(Font)              Font shape `JT1/gt/m/n' tried instead on input line 125.
LaTeX Font Info:    Font shape `JY1/mc/bx/n' in size <8> not available
(Font)              Font shape `JY1/gt/m/n' tried instead on input line 125.


LaTeX Warning: Citation `katayose' on page 26 undefined on input line 125.

[26]
File: figure/patan3_good.eps Graphic file (type eps)
 <figure/patan3_good.eps>
File: figure/patan3_ex.eps Graphic file (type eps)
 <figure/patan3_ex.eps> [27]
File: figure/patan4_good.eps Graphic file (type eps)

<figure/patan4_good.eps>
File: figure/patan4_ex.eps Graphic file (type eps)
 <figure/patan4_ex.eps>

LaTeX Warning: Reference `fig:patan5_joken' on page 28 undefined on input line 
190.


LaTeX Warning: Reference `patan5_joken' on page 28 undefined on input line 193.



Overfull \hbox (5.97342pt too wide) in paragraph at lines 185--205
[]\twlmin パタ ーン \OT1/cmr/m/n/12 5 \twlmin は ， セル分割法のセル座標と視野
範囲の左右両端の座標 $\OT1/cmr/m/n/12 (\OML/cmm/m/it/12 L[]; L[]\OT1/cmr/m/n/12
 )$\twlmin ， $\OT1/cmr/m/n/12 (\OML/cmm/m/it/12 R[]; R[]\OT1/cmr/m/n/12 )$
 []

[28]
File: figure/patan5_good.eps Graphic file (type eps)
 <figure/patan5_good.eps>
File: figure/patan5_ex.eps Graphic file (type eps)
 <figure/patan5_ex.eps>

LaTeX Warning: Reference `tab:patan6_joken' on page 29 undefined on input line 
233.

[29]
Overfull \hbox (18.35948pt too wide) in paragraph at lines 244--252
 [][][][] 
 []

[30]
File: figure/20221031_haichi.eps Graphic file (type eps)
 <figure/20221031_haichi.eps>
Overfull \hbox (7.50938pt too wide) in paragraph at lines 323--337
 [][][] 
 []

[31

]

LaTeX Warning: Reference `tb:hantei_jouken' on page 32 undefined on input line 
363.


LaTeX Warning: Reference `tb:hantei_jouken' on page 32 undefined on input line 
375.

[32]
Overfull \hbox (7.50938pt too wide) in paragraph at lines 395--402
 [][][] 
 []

[33]
File: figure/20230226_kousokuka.eps Graphic file (type eps)
 <figure/20230226_kousokuka.eps> [34]) (./5_method.tex [35]
第 5 章
[36

]
File: figure/ex1.eps Graphic file (type eps)
 <figure/ex1.eps>
File: figure/ex2.eps Graphic file (type eps)
 <figure/ex2.eps>
File: figure/5_teian_flow1.eps Graphic file (type eps)
 <figure/5_teian_flow1.eps>
File: figure/5_teian_flow2.eps Graphic file (type eps)

<figure/5_teian_flow2.eps>
File: figure/5_teian_flow3.eps Graphic file (type eps)
 <figure/5_teian_flow3.eps>) (./6_discuss.tex
[37] [38] [39] [40]
第 6 章
) [41

] (./thanks.tex) [42


] (./main.bbl
LaTeX Font Info:    Kanji font shape `JY1/gt/m/it' undefined
(Font)              No change on input line 28.
LaTeX Font Info:    Kanji font shape `JY1/gt/m/it' undefined
(Font)              No change on input line 33.
LaTeX Font Info:    Kanji font shape `JY1/gt/m/it' undefined
(Font)              No change on input line 42.
LaTeX Font Info:    Kanji font shape `JY1/gt/m/it' undefined
(Font)              No change on input line 47.
 [43

]
LaTeX Font Info:    Kanji font shape `JY1/gt/m/it' undefined
(Font)              No change on input line 55.
LaTeX Font Info:    Kanji font shape `JY1/gt/m/it' undefined
(Font)              No change on input line 64.
) (./appendix.tex [44]
付 録  A  
) [45

] (./main.aux)

LaTeX Warning: There were undefined references.


LaTeX Warning: There were multiply-defined labels.

 ) 
Here is how much of TeX's memory you used:
 3719 strings out of 476693
 56584 string characters out of 5810547
 1866209 words of memory out of 5000000
 24074 multiletter control sequences out of 15000+600000
 537823 words of font info for 140 fonts, out of 8000000 for 9000
 929 hyphenation exceptions out of 8191
 70i,14n,76p,272b,490s stack positions out of 10000i,1000n,20000p,200000b,200000s

Output written on main.dvi (53 pages, 151872 bytes).
